# Logfile created on 2014-01-15 16:17:11 -0200 by logger.rb/44203
I, [2014-01-15T16:17:11.249343 #7386]  INFO -- : 0:  RedCloth (4.2.9) from /Users/rodrigogomes/.rvm/gems/ruby-2.1.0@hdc/specifications/RedCloth-4.2.9.gemspec
I, [2014-01-15T16:17:12.973382 #7386]  INFO -- : 0:  fast-stemmer (1.0.2) from /Users/rodrigogomes/.rvm/gems/ruby-2.1.0@hdc/specifications/fast-stemmer-1.0.2.gemspec
I, [2014-01-15T16:17:14.440514 #7386]  INFO -- : 0:  classifier (1.3.3) from /Users/rodrigogomes/.rvm/gems/ruby-2.1.0@hdc/specifications/classifier-1.3.3.gemspec
I, [2014-01-15T16:17:15.019481 #7386]  INFO -- : 0:  colorator (0.1) from /Users/rodrigogomes/.rvm/gems/ruby-2.1.0@hdc/specifications/colorator-0.1.gemspec
I, [2014-01-15T16:17:15.913541 #7386]  INFO -- : 0:  highline (1.6.19) from /Users/rodrigogomes/.rvm/gems/ruby-2.1.0@hdc/specifications/highline-1.6.19.gemspec
I, [2014-01-15T16:17:17.098117 #7386]  INFO -- : 0:  commander (4.1.4) from /Users/rodrigogomes/.rvm/gems/ruby-2.1.0@hdc/specifications/commander-4.1.4.gemspec
I, [2014-01-15T16:17:18.544971 #7386]  INFO -- : 0:  directory_watcher (1.4.1) from /Users/rodrigogomes/.rvm/gems/ruby-2.1.0@hdc/specifications/directory_watcher-1.4.1.gemspec
I, [2014-01-15T16:17:26.591196 #7386]  INFO -- : 0:  kramdown (1.0.2) from /Users/rodrigogomes/.rvm/gems/ruby-2.1.0@hdc/specifications/kramdown-1.0.2.gemspec
I, [2014-01-15T16:17:27.647238 #7386]  INFO -- : 0:  liquid (2.5.1) from /Users/rodrigogomes/.rvm/gems/ruby-2.1.0@hdc/specifications/liquid-2.5.1.gemspec
I, [2014-01-15T16:17:28.542620 #7386]  INFO -- : 0:  syntax (1.0.0) from /Users/rodrigogomes/.rvm/gems/ruby-2.1.0@hdc/specifications/syntax-1.0.0.gemspec
I, [2014-01-15T16:17:30.963023 #7386]  INFO -- : 0:  maruku (0.6.1) from /Users/rodrigogomes/.rvm/gems/ruby-2.1.0@hdc/specifications/maruku-0.6.1.gemspec
I, [2014-01-15T16:17:32.011862 #7386]  INFO -- : 0:  posix-spawn (0.3.6) from /Users/rodrigogomes/.rvm/gems/ruby-2.1.0@hdc/specifications/posix-spawn-0.3.6.gemspec
I, [2014-01-15T16:17:34.554478 #7386]  INFO -- : 0:  yajl-ruby (1.1.0) from /Users/rodrigogomes/.rvm/gems/ruby-2.1.0@hdc/specifications/yajl-ruby-1.1.0.gemspec
I, [2014-01-15T16:17:37.977167 #7386]  INFO -- : 0:  pygments.rb (0.5.2) from /Users/rodrigogomes/.rvm/gems/ruby-2.1.0@hdc/specifications/pygments.rb-0.5.2.gemspec
I, [2014-01-15T16:17:40.698892 #7386]  INFO -- : 0:  redcarpet (2.2.2) from /Users/rodrigogomes/.rvm/gems/ruby-2.1.0@hdc/specifications/redcarpet-2.2.2.gemspec
I, [2014-01-15T16:17:42.156078 #7386]  INFO -- : 0:  safe_yaml (0.7.1) from /Users/rodrigogomes/.rvm/gems/ruby-2.1.0@hdc/specifications/safe_yaml-0.7.1.gemspec
I, [2014-01-15T16:17:44.415239 #7386]  INFO -- : 0:  jekyll (1.1.2) from /Users/rodrigogomes/.rvm/gems/ruby-2.1.0@hdc/specifications/jekyll-1.1.2.gemspec
I, [2014-01-15T16:17:47.401006 #7386]  INFO -- : 0:  rdiscount (1.6.8) from /Users/rodrigogomes/.rvm/gems/ruby-2.1.0@hdc/specifications/rdiscount-1.6.8.gemspec
I, [2014-01-15T16:17:47.401695 #7386]  INFO -- : 0:  bundler (1.5.1) from /Users/rodrigogomes/.rvm/gems/ruby-2.1.0@global/specifications/bundler-1.5.1.gemspec
